/home/ubuntu/anaconda3/lib/python3.6/site-packages/tensorboard/compat/tensorflow_stub/dtypes.py:541: FutureWarning: Passing (type, 1) or '1type' as a synonym of type is deprecated; in a future version of numpy, it will be understood as (type, (1,)) / '(1,)type'.
  _np_qint8 = np.dtype([("qint8", np.int8, 1)])
/home/ubuntu/anaconda3/lib/python3.6/site-packages/tensorboard/compat/tensorflow_stub/dtypes.py:542: FutureWarning: Passing (type, 1) or '1type' as a synonym of type is deprecated; in a future version of numpy, it will be understood as (type, (1,)) / '(1,)type'.
  _np_quint8 = np.dtype([("quint8", np.uint8, 1)])
/home/ubuntu/anaconda3/lib/python3.6/site-packages/tensorboard/compat/tensorflow_stub/dtypes.py:543: FutureWarning: Passing (type, 1) or '1type' as a synonym of type is deprecated; in a future version of numpy, it will be understood as (type, (1,)) / '(1,)type'.
  _np_qint16 = np.dtype([("qint16", np.int16, 1)])
/home/ubuntu/anaconda3/lib/python3.6/site-packages/tensorboard/compat/tensorflow_stub/dtypes.py:544: FutureWarning: Passing (type, 1) or '1type' as a synonym of type is deprecated; in a future version of numpy, it will be understood as (type, (1,)) / '(1,)type'.
  _np_quint16 = np.dtype([("quint16", np.uint16, 1)])
/home/ubuntu/anaconda3/lib/python3.6/site-packages/tensorboard/compat/tensorflow_stub/dtypes.py:545: FutureWarning: Passing (type, 1) or '1type' as a synonym of type is deprecated; in a future version of numpy, it will be understood as (type, (1,)) / '(1,)type'.
  _np_qint32 = np.dtype([("qint32", np.int32, 1)])
/home/ubuntu/anaconda3/lib/python3.6/site-packages/tensorboard/compat/tensorflow_stub/dtypes.py:550: FutureWarning: Passing (type, 1) or '1type' as a synonym of type is deprecated; in a future version of numpy, it will be understood as (type, (1,)) / '(1,)type'.
  np_resource = np.dtype([("resource", np.ubyte, 1)])
TensorFlow installation not found - running with reduced feature set.
usage: tensorboard [-h] [--helpfull] [--logdir PATH] [--host ADDR]
                   [--port PORT] [--purge_orphaned_data BOOL]
                   [--reload_interval SECONDS] [--db URI] [--db_import]
                   [--db_import_use_op] [--inspect] [--version_tb] [--tag TAG]
                   [--event_file PATH] [--path_prefix PATH]
                   [--window_title TEXT] [--max_reload_threads COUNT]
                   [--reload_task TYPE]
                   [--samples_per_plugin SAMPLES_PER_PLUGIN]
                   [--debugger_data_server_grpc_port PORT]
                   [--debugger_port PORT] [--master_tpu_unsecure_channel ADDR]
tensorboard: error: unrecognized arguments: --bind_all
TensorBoard 2.0.2 at http://ip-10-122-211-53:8080/ (Press CTRL+C to quit)
E0828 11:40:16.702685 139632300443392 directory_watcher.py:242] File ./train/events.out.tfevents.1630149036.ip-10-122-211-53.9055.18300.v2 updated even though the current file is ./train/events.out.tfevents.1630149107.ip-10-122-211-53.profile-empty
TensorBoard 2.0.2 at http://ip-10-122-211-53:8080/ (Press CTRL+C to quit)
E0828 15:54:22.250153 140247043671808 directory_watcher.py:242] File ./train/events.out.tfevents.1630149036.ip-10-122-211-53.9055.18300.v2 updated even though the current file is ./train/events.out.tfevents.1630149107.ip-10-122-211-53.profile-empty
/home/ubuntu/anaconda3/lib/python3.6/site-packages/tensorboard/compat/tensorflow_stub/dtypes.py:541: FutureWarning: Passing (type, 1) or '1type' as a synonym of type is deprecated; in a future version of numpy, it will be understood as (type, (1,)) / '(1,)type'.
  _np_qint8 = np.dtype([("qint8", np.int8, 1)])
/home/ubuntu/anaconda3/lib/python3.6/site-packages/tensorboard/compat/tensorflow_stub/dtypes.py:542: FutureWarning: Passing (type, 1) or '1type' as a synonym of type is deprecated; in a future version of numpy, it will be understood as (type, (1,)) / '(1,)type'.
  _np_quint8 = np.dtype([("quint8", np.uint8, 1)])
/home/ubuntu/anaconda3/lib/python3.6/site-packages/tensorboard/compat/tensorflow_stub/dtypes.py:543: FutureWarning: Passing (type, 1) or '1type' as a synonym of type is deprecated; in a future version of numpy, it will be understood as (type, (1,)) / '(1,)type'.
  _np_qint16 = np.dtype([("qint16", np.int16, 1)])
/home/ubuntu/anaconda3/lib/python3.6/site-packages/tensorboard/compat/tensorflow_stub/dtypes.py:544: FutureWarning: Passing (type, 1) or '1type' as a synonym of type is deprecated; in a future version of numpy, it will be understood as (type, (1,)) / '(1,)type'.
  _np_quint16 = np.dtype([("quint16", np.uint16, 1)])
/home/ubuntu/anaconda3/lib/python3.6/site-packages/tensorboard/compat/tensorflow_stub/dtypes.py:545: FutureWarning: Passing (type, 1) or '1type' as a synonym of type is deprecated; in a future version of numpy, it will be understood as (type, (1,)) / '(1,)type'.
  _np_qint32 = np.dtype([("qint32", np.int32, 1)])
/home/ubuntu/anaconda3/lib/python3.6/site-packages/tensorboard/compat/tensorflow_stub/dtypes.py:550: FutureWarning: Passing (type, 1) or '1type' as a synonym of type is deprecated; in a future version of numpy, it will be understood as (type, (1,)) / '(1,)type'.
  np_resource = np.dtype([("resource", np.ubyte, 1)])
TensorFlow installation not found - running with reduced feature set.
usage: tensorboard [-h] [--helpfull] [--logdir PATH] [--host ADDR]
                   [--port PORT] [--purge_orphaned_data BOOL]
                   [--reload_interval SECONDS] [--db URI] [--db_import]
                   [--db_import_use_op] [--inspect] [--version_tb] [--tag TAG]
                   [--event_file PATH] [--path_prefix PATH]
                   [--window_title TEXT] [--max_reload_threads COUNT]
                   [--reload_task TYPE]
                   [--samples_per_plugin SAMPLES_PER_PLUGIN]
                   [--debugger_data_server_grpc_port PORT]
                   [--debugger_port PORT] [--master_tpu_unsecure_channel ADDR]
tensorboard: error: unrecognized arguments: --bind_all
TensorBoard 2.0.2 at http://ip-10-122-211-53:8080/ (Press CTRL+C to quit)
